<?xml version="1.0" encoding="UTF-8"?>
<!-- Generated by org.testng.reporters.JUnitXMLReporter -->
<testsuite ignored="0" hostname="chavi" failures="0" tests="5" name="Default test" time="61.823" errors="0" timestamp="2024-08-04T20:45:59 IST">
  <testcase classname="testcases.LoginTest" name="TC01_LoginFailure" time="9.027"/>
  <testcase classname="testcases.LoginTest" name="TC02_LoginSuccessTest" time="8.089"/>
  <testcase classname="testcases.LoginTest" name="TC04_LoginSuccessTest" time="7.963"/>
  <testcase classname="testcases.LoginTest" name="TC04_LoginSuccessTest" time="9.588"/>
  <testcase classname="testcases.LoginTest" name="TC04_LoginSuccessTest" time="9.155"/>
</testsuite> <!-- Default test -->
