<?xml version="1.0" encoding="UTF-8"?>
<!-- Generated by org.testng.reporters.JUnitXMLReporter -->
<testsuite ignored="0" hostname="chavi" failures="0" tests="7" name="Test" time="94.126" errors="0" timestamp="2024-07-28T22:17:11 IST">
  <testcase classname="testcases.HomePageTest" name="TC03_SomeName" time="0.014"/>
  <testcase classname="testcases.LoginTest" name="TC01_LoginFailure" time="9.95"/>
  <testcase classname="testcases.LoginTest" name="TC02_LoginSuccessTest" time="11.817"/>
  <testcase classname="testcases.LoginTest" name="TC03_LoginSuccessTest" time="11.283"/>
  <testcase classname="testcases.LoginTest" name="TC04_LoginSuccessTest" time="9.789"/>
  <testcase classname="testcases.LoginTest" name="TC04_LoginSuccessTest" time="10.455"/>
  <testcase classname="testcases.LoginTest" name="TC04_LoginSuccessTest" time="9.545"/>
</testsuite> <!-- Test -->
