<?xml version="1.0" encoding="UTF-8"?>
<!-- Generated by org.testng.reporters.JUnitXMLReporter -->
<testsuite ignored="2" hostname="chavi" failures="0" tests="6" name="Test" time="61.091" errors="0" timestamp="2024-10-06T19:23:49 IST">
  <testcase classname="testcases.HomePageTest" name="TC03_SomeName" time="0.023"/>
  <testcase classname="testcases.LoginTest" name="TC01_LoginFailure" time="8.007"/>
  <testcase classname="testcases.LoginTest" name="TC02_LoginSuccessTest" time="9.208"/>
  <testcase classname="testcases.LoginTest" name="TC04_LoginSuccessTest" time="8.379"/>
  <testcase classname="testcases.LoginTest" name="TC04_LoginSuccessTest" time="8.049"/>
  <testcase classname="testcases.LoginTest" name="TC04_LoginSuccessTest" time="7.509"/>
  <testcase classname="testcases.BaseClass" name="@AfterTest CloseExcel" time="0.0">
    <ignored/>
  </testcase> <!-- @AfterTest CloseExcel -->
  <testcase classname="testcases.BaseClass" name="@BeforeTest SetUpExcel" time="0.0">
    <ignored/>
  </testcase> <!-- @BeforeTest SetUpExcel -->
</testsuite> <!-- Test -->
