<?xml version="1.0" encoding="UTF-8"?>
<testng-results ignored="0" total="6" passed="6" failed="0" skipped="0">
  <reporter-output>
  </reporter-output>
  <suite started-at="2024-10-06T19:22:48 IST" name="Suite" finished-at="2024-10-06T19:23:49 IST" duration-ms="61091">
    <groups>
    </groups>
    <test started-at="2024-10-06T19:22:48 IST" name="Test" finished-at="2024-10-06T19:23:49 IST" duration-ms="61091">
      <class name="testcases.HomePageTest">
        <test-method is-config="true" signature="SetUpExcel()[pri:0, instance:testcases.HomePageTest@7526515b]" started-at="2024-10-06T19:22:48 IST" name="SetUpExcel" finished-at="2024-10-06T19:22:48 IST" duration-ms="674" status="PASS">
          <reporter-output>
          </reporter-output>
        </test-method> <!-- SetUpExcel -->
        <test-method is-config="true" signature="SetUpDriver()[pri:0, instance:testcases.HomePageTest@7526515b]" started-at="2024-10-06T19:22:48 IST" name="SetUpDriver" finished-at="2024-10-06T19:22:52 IST" duration-ms="3794" status="PASS">
          <reporter-output>
          </reporter-output>
        </test-method> <!-- SetUpDriver -->
        <test-method signature="TC03_SomeName()[pri:0, instance:testcases.HomePageTest@7526515b]" started-at="2024-10-06T19:22:52 IST" name="TC03_SomeName" finished-at="2024-10-06T19:22:52 IST" duration-ms="23" status="PASS">
          <reporter-output>
          </reporter-output>
        </test-method> <!-- TC03_SomeName -->
        <test-method is-config="true" signature="TearDown()[pri:0, instance:testcases.HomePageTest@7526515b]" started-at="2024-10-06T19:22:52 IST" name="TearDown" finished-at="2024-10-06T19:22:53 IST" duration-ms="828" status="PASS">
          <reporter-output>
          </reporter-output>
        </test-method> <!-- TearDown -->
        <test-method is-config="true" signature="CloseExcel()[pri:0, instance:testcases.HomePageTest@7526515b]" started-at="2024-10-06T19:23:49 IST" name="CloseExcel" finished-at="2024-10-06T19:23:49 IST" duration-ms="1" status="PASS">
          <reporter-output>
          </reporter-output>
        </test-method> <!-- CloseExcel -->
      </class> <!-- testcases.HomePageTest -->
      <class name="testcases.LoginTest">
        <test-method is-config="true" signature="SetUpDriver()[pri:0, instance:testcases.LoginTest@6e6f2380]" started-at="2024-10-06T19:22:53 IST" name="SetUpDriver" finished-at="2024-10-06T19:22:56 IST" duration-ms="2549" status="PASS">
          <reporter-output>
          </reporter-output>
        </test-method> <!-- SetUpDriver -->
        <test-method signature="TC01_LoginFailure()[pri:0, instance:testcases.LoginTest@6e6f2380]" started-at="2024-10-06T19:22:56 IST" name="TC01_LoginFailure" finished-at="2024-10-06T19:23:04 IST" duration-ms="8007" status="PASS">
          <reporter-output>
          </reporter-output>
        </test-method> <!-- TC01_LoginFailure -->
        <test-method is-config="true" signature="TearDown()[pri:0, instance:testcases.LoginTest@6e6f2380]" started-at="2024-10-06T19:23:04 IST" name="TearDown" finished-at="2024-10-06T19:23:04 IST" duration-ms="171" status="PASS">
          <reporter-output>
          </reporter-output>
        </test-method> <!-- TearDown -->
        <test-method is-config="true" signature="SetUpDriver()[pri:0, instance:testcases.LoginTest@6e6f2380]" started-at="2024-10-06T19:23:04 IST" name="SetUpDriver" finished-at="2024-10-06T19:23:06 IST" duration-ms="2426" status="PASS">
          <reporter-output>
          </reporter-output>
        </test-method> <!-- SetUpDriver -->
        <test-method signature="TC02_LoginSuccessTest()[pri:0, instance:testcases.LoginTest@6e6f2380]" started-at="2024-10-06T19:23:06 IST" name="TC02_LoginSuccessTest" finished-at="2024-10-06T19:23:15 IST" duration-ms="9208" status="PASS">
          <reporter-output>
          </reporter-output>
        </test-method> <!-- TC02_LoginSuccessTest -->
        <test-method is-config="true" signature="TearDown()[pri:0, instance:testcases.LoginTest@6e6f2380]" started-at="2024-10-06T19:23:15 IST" name="TearDown" finished-at="2024-10-06T19:23:16 IST" duration-ms="215" status="PASS">
          <reporter-output>
          </reporter-output>
        </test-method> <!-- TearDown -->
        <test-method is-config="true" signature="SetUpDriver()[pri:0, instance:testcases.LoginTest@6e6f2380]" started-at="2024-10-06T19:23:16 IST" name="SetUpDriver" finished-at="2024-10-06T19:23:19 IST" duration-ms="3040" status="PASS">
          <reporter-output>
          </reporter-output>
        </test-method> <!-- SetUpDriver -->
        <test-method signature="TC04_LoginSuccessTest(java.lang.String)[pri:0, instance:testcases.LoginTest@6e6f2380]" started-at="2024-10-06T19:23:19 IST" name="TC04_LoginSuccessTest" data-provider="dp" finished-at="2024-10-06T19:23:27 IST" duration-ms="8379" status="PASS">
          <params>
            <param index="0">
              <value>
                <![CDATA[ccc@xyz.com]]>
              </value>
            </param>
          </params>
          <reporter-output>
          </reporter-output>
        </test-method> <!-- TC04_LoginSuccessTest -->
        <test-method is-config="true" signature="TearDown()[pri:0, instance:testcases.LoginTest@6e6f2380]" started-at="2024-10-06T19:23:27 IST" name="TearDown" finished-at="2024-10-06T19:23:27 IST" duration-ms="206" status="PASS">
          <reporter-output>
          </reporter-output>
        </test-method> <!-- TearDown -->
        <test-method is-config="true" signature="SetUpDriver()[pri:0, instance:testcases.LoginTest@6e6f2380]" started-at="2024-10-06T19:23:27 IST" name="SetUpDriver" finished-at="2024-10-06T19:23:30 IST" duration-ms="2648" status="PASS">
          <reporter-output>
          </reporter-output>
        </test-method> <!-- SetUpDriver -->
        <test-method signature="TC04_LoginSuccessTest(java.lang.String)[pri:0, instance:testcases.LoginTest@6e6f2380]" started-at="2024-10-06T19:23:30 IST" name="TC04_LoginSuccessTest" data-provider="dp" finished-at="2024-10-06T19:23:38 IST" duration-ms="8049" status="PASS">
          <params>
            <param index="0">
              <value>
                <![CDATA[aaa@xyz.com]]>
              </value>
            </param>
          </params>
          <reporter-output>
          </reporter-output>
        </test-method> <!-- TC04_LoginSuccessTest -->
        <test-method is-config="true" signature="TearDown()[pri:0, instance:testcases.LoginTest@6e6f2380]" started-at="2024-10-06T19:23:38 IST" name="TearDown" finished-at="2024-10-06T19:23:38 IST" duration-ms="241" status="PASS">
          <reporter-output>
          </reporter-output>
        </test-method> <!-- TearDown -->
        <test-method is-config="true" signature="SetUpDriver()[pri:0, instance:testcases.LoginTest@6e6f2380]" started-at="2024-10-06T19:23:38 IST" name="SetUpDriver" finished-at="2024-10-06T19:23:41 IST" duration-ms="2820" status="PASS">
          <reporter-output>
          </reporter-output>
        </test-method> <!-- SetUpDriver -->
        <test-method signature="TC04_LoginSuccessTest(java.lang.String)[pri:0, instance:testcases.LoginTest@6e6f2380]" started-at="2024-10-06T19:23:41 IST" name="TC04_LoginSuccessTest" data-provider="dp" finished-at="2024-10-06T19:23:49 IST" duration-ms="7509" status="PASS">
          <params>
            <param index="0">
              <value>
                <![CDATA[bbb@xyz.com]]>
              </value>
            </param>
          </params>
          <reporter-output>
          </reporter-output>
        </test-method> <!-- TC04_LoginSuccessTest -->
        <test-method is-config="true" signature="TearDown()[pri:0, instance:testcases.LoginTest@6e6f2380]" started-at="2024-10-06T19:23:49 IST" name="TearDown" finished-at="2024-10-06T19:23:49 IST" duration-ms="241" status="PASS">
          <reporter-output>
          </reporter-output>
        </test-method> <!-- TearDown -->
      </class> <!-- testcases.LoginTest -->
    </test> <!-- Test -->
  </suite> <!-- Suite -->
</testng-results>
